[2021-05-19T01:12:34,945+08:00] INFO  [restartedMain] nav.NavApplication - Starting NavApplication using Java 15 on Pengyus-MacBook-Pro.local with PID 32217 (/Users/uuorb/Desktop/navigation/server/nav/target/classes started by uuorb in /Users/uuorb/Desktop/navigation/server/nav)
][2021-05-19T01:12:34,955+08:00] INFO  [restartedMain] nav.NavApplication - The following profiles are active: dev
][2021-05-19T01:12:35,014+08:00] INFO  [restartedMain] restart.ChangeableUrls - The Class-Path manifest attribute in /Users/uuorb/.m2/repository/com/sun/xml/bind/jaxb-core/2.3.0/jaxb-core-2.3.0.jar referenced one or more files that do not exist: file:/Users/uuorb/.m2/repository/com/sun/xml/bind/jaxb-core/2.3.0/jaxb-api.jar
][2021-05-19T01:12:35,017+08:00] INFO  [restartedMain] restart.ChangeableUrls - The Class-Path manifest attribute in /Users/uuorb/.m2/repository/com/sun/xml/bind/jaxb-impl/2.3.0/jaxb-impl-2.3.0.jar referenced one or more files that do not exist: file:/Users/uuorb/.m2/repository/com/sun/xml/bind/jaxb-impl/2.3.0/jaxb-core.jar
][2021-05-19T01:12:35,018+08:00] INFO  [restartedMain] env.DevToolsPropertyDefaultsPostProcessor - Devtools property defaults active! Set 'spring.devtools.add-properties' to 'false' to disable
][2021-05-19T01:12:35,018+08:00] INFO  [restartedMain] env.DevToolsPropertyDefaultsPostProcessor - For additional web related logging consider setting the 'logging.level.web' property to 'DEBUG'
][2021-05-19T01:12:35,984+08:00] INFO  [restartedMain] config.RepositoryConfigurationDelegate - Multiple Spring Data modules found, entering strict repository configuration mode!
][2021-05-19T01:12:35,986+08:00] INFO  [restartedMain] config.RepositoryConfigurationDelegate - Bootstrapping Spring Data Redis repositories in DEFAULT mode.
][2021-05-19T01:12:36,008+08:00] INFO  [restartedMain] config.RepositoryConfigurationDelegate - Finished Spring Data repository scanning in 10 ms. Found 0 Redis repository interfaces.
][2021-05-19T01:12:36,236+08:00] INFO  [restartedMain] support.PostProcessorRegistrationDelegate$BeanPostProcessorChecker - Bean 'redisConfig' of type [com.qdu.nav.config.RedisConfig$$EnhancerBySpringCGLIB$$df515a71] is not eligible for getting processed by all BeanPostProcessors (for example: not eligible for auto-proxying)
][2021-05-19T01:12:36,523+08:00] INFO  [restartedMain] tomcat.TomcatWebServer - Tomcat initialized with port(s): 18814 (http)
][2021-05-19T01:12:36,530+08:00] INFO  [restartedMain] http11.Http11NioProtocol - Initializing ProtocolHandler ["http-nio-18814"]
][2021-05-19T01:12:36,531+08:00] INFO  [restartedMain] core.StandardService - Starting service [Tomcat]
][2021-05-19T01:12:36,532+08:00] INFO  [restartedMain] core.StandardEngine - Starting Servlet engine: [Apache Tomcat/9.0.45]
][2021-05-19T01:12:36,593+08:00] INFO  [restartedMain] [localhost].[/] - Initializing Spring embedded WebApplicationContext
][2021-05-19T01:12:36,593+08:00] INFO  [restartedMain] context.ServletWebServerApplicationContext - Root WebApplicationContext: initialization completed in 1573 ms
][2021-05-19T01:12:37,712+08:00] INFO  [restartedMain] concurrent.ThreadPoolTaskExecutor - Initializing ExecutorService 'applicationTaskExecutor'
][2021-05-19T01:12:37,746+08:00] INFO  [restartedMain] autoconfigure.OptionalLiveReloadServer - LiveReload server is running on port 35729
][2021-05-19T01:12:38,012+08:00] INFO  [restartedMain] http11.Http11NioProtocol - Starting ProtocolHandler ["http-nio-18814"]
][2021-05-19T01:12:38,036+08:00] INFO  [restartedMain] tomcat.TomcatWebServer - Tomcat started on port(s): 18814 (http) with context path ''
][2021-05-19T01:12:38,219+08:00] INFO  [restartedMain] nav.NavApplication - Started NavApplication in 3.749 seconds (JVM running for 4.862)
][2021-05-19T01:13:07,260+08:00] INFO  [http-nio-18814-exec-1] [localhost].[/] - Initializing Spring DispatcherServlet 'dispatcherServlet'
][2021-05-19T01:13:07,261+08:00] INFO  [http-nio-18814-exec-1] servlet.DispatcherServlet - Initializing Servlet 'dispatcherServlet'
][2021-05-19T01:13:07,262+08:00] INFO  [http-nio-18814-exec-1] servlet.DispatcherServlet - Completed initialization in 1 ms
][2021-05-19T01:13:07,925+08:00] INFO  [http-nio-18814-exec-1] pool.DruidDataSource - {dataSource-1} inited
][2021-05-19T01:16:51,208+08:00] ERROR [http-nio-18814-exec-7] pool.DruidAbstractDataSource - discard long time none received connection. , jdbcUrl : jdbc:mysql://localhost:3306/navigation?useUnicode=true&characterEncoding=utf-8&useSSL=false, jdbcUrl : jdbc:mysql://localhost:3306/navigation?useUnicode=true&characterEncoding=utf-8&useSSL=false, lastPacketReceivedIdleMillis : 212419
][2021-05-19T01:16:51,212+08:00] ERROR [http-nio-18814-exec-7] pool.DruidAbstractDataSource - discard long time none received connection. , jdbcUrl : jdbc:mysql://localhost:3306/navigation?useUnicode=true&characterEncoding=utf-8&useSSL=false, jdbcUrl : jdbc:mysql://localhost:3306/navigation?useUnicode=true&characterEncoding=utf-8&useSSL=false, lastPacketReceivedIdleMillis : 223299
][2021-05-19T01:16:51,213+08:00] ERROR [http-nio-18814-exec-7] pool.DruidAbstractDataSource - discard long time none received connection. , jdbcUrl : jdbc:mysql://localhost:3306/navigation?useUnicode=true&characterEncoding=utf-8&useSSL=false, jdbcUrl : jdbc:mysql://localhost:3306/navigation?useUnicode=true&characterEncoding=utf-8&useSSL=false, lastPacketReceivedIdleMillis : 223306
][2021-05-19T01:16:51,214+08:00] ERROR [http-nio-18814-exec-7] pool.DruidAbstractDataSource - discard long time none received connection. , jdbcUrl : jdbc:mysql://localhost:3306/navigation?useUnicode=true&characterEncoding=utf-8&useSSL=false, jdbcUrl : jdbc:mysql://localhost:3306/navigation?useUnicode=true&characterEncoding=utf-8&useSSL=false, lastPacketReceivedIdleMillis : 223318
][2021-05-19T01:16:51,215+08:00] ERROR [http-nio-18814-exec-7] pool.DruidAbstractDataSource - discard long time none received connection. , jdbcUrl : jdbc:mysql://localhost:3306/navigation?useUnicode=true&characterEncoding=utf-8&useSSL=false, jdbcUrl : jdbc:mysql://localhost:3306/navigation?useUnicode=true&characterEncoding=utf-8&useSSL=false, lastPacketReceivedIdleMillis : 223335
][2021-05-19T01:16:51,693+08:00] ERROR [http-nio-18814-exec-1] [/].[dispatcherServlet] - Servlet.service() for servlet [dispatcherServlet] in context with path [] threw exception [Request processing failed; nested exception is org.springframework.web.client.ResourceAccessException: I/O error on GET request for "http://localhost:6886": Connection refused; nested exception is java.net.ConnectException: Connection refused] with root cause
] java.net.ConnectException: Connection refused
	at sun.nio.ch.Net.connect0(Native Method) ~[?:?]
	at sun.nio.ch.Net.connect(Net.java:574) ~[?:?]
	at sun.nio.ch.Net.connect(Net.java:563) ~[?:?]
	at sun.nio.ch.NioSocketImpl.connect(NioSocketImpl.java:588) ~[?:?]
	at java.net.Socket.connect(Socket.java:648) ~[?:?]
	at java.net.Socket.connect(Socket.java:597) ~[?:?]
	at sun.net.NetworkClient.doConnect(NetworkClient.java:182) ~[?:?]
	at sun.net.www.http.HttpClient.openServer(HttpClient.java:474) ~[?:?]
	at sun.net.www.http.HttpClient.openServer(HttpClient.java:569) ~[?:?]
	at sun.net.www.http.HttpClient.<init>(HttpClient.java:242) ~[?:?]
	at sun.net.www.http.HttpClient.New(HttpClient.java:341) ~[?:?]
	at sun.net.www.http.HttpClient.New(HttpClient.java:362) ~[?:?]
	at sun.net.www.protocol.http.HttpURLConnection.getNewHttpClient(HttpURLConnection.java:1261) ~[?:?]
	at sun.net.www.protocol.http.HttpURLConnection.plainConnect0(HttpURLConnection.java:1194) ~[?:?]
	at sun.net.www.protocol.http.HttpURLConnection.plainConnect(HttpURLConnection.java:1082) ~[?:?]
	at sun.net.www.protocol.http.HttpURLConnection.connect(HttpURLConnection.java:1016) ~[?:?]
	at org.springframework.http.client.SimpleBufferingClientHttpRequest.executeInternal(SimpleBufferingClientHttpRequest.java:76) ~[spring-web-5.3.6.jar:5.3.6]
	at org.springframework.http.client.AbstractBufferingClientHttpRequest.executeInternal(AbstractBufferingClientHttpRequest.java:48) ~[spring-web-5.3.6.jar:5.3.6]
	at org.springframework.http.client.AbstractClientHttpRequest.execute(AbstractClientHttpRequest.java:66) ~[spring-web-5.3.6.jar:5.3.6]
	at org.springframework.web.client.RestTemplate.doExecute(RestTemplate.java:776) ~[spring-web-5.3.6.jar:5.3.6]
	at org.springframework.web.client.RestTemplate.execute(RestTemplate.java:732) ~[spring-web-5.3.6.jar:5.3.6]
	at org.springframework.web.client.RestTemplate.getForObject(RestTemplate.java:343) ~[spring-web-5.3.6.jar:5.3.6]
	at com.qdu.nav.service.impl.TodoServiceImpl.testHttp(TodoServiceImpl.java:39) ~[classes/:?]
	at com.qdu.nav.service.impl.TodoServiceImpl.getTodoFromRishiqing(TodoServiceImpl.java:28) ~[classes/:?]
	at com.qdu.nav.controller.TodoController.getTodos(TodoController.java:29) ~[classes/:?]
	at jdk.internal.reflect.NativeMethodAccessorImpl.invoke0(Native Method) ~[?:?]
	at jdk.internal.reflect.NativeMethodAccessorImpl.invoke(NativeMethodAccessorImpl.java:64) ~[?:?]
	at jdk.internal.reflect.DelegatingMethodAccessorImpl.invoke(DelegatingMethodAccessorImpl.java:43) ~[?:?]
	at java.lang.reflect.Method.invoke(Method.java:564) ~[?:?]
	at org.springframework.web.method.support.InvocableHandlerMethod.doInvoke(InvocableHandlerMethod.java:197) ~[spring-web-5.3.6.jar:5.3.6]
	at org.springframework.web.method.support.InvocableHandlerMethod.invokeForRequest(InvocableHandlerMethod.java:141) ~[spring-web-5.3.6.jar:5.3.6]
	at org.springframework.web.servlet.mvc.method.annotation.ServletInvocableHandlerMethod.invokeAndHandle(ServletInvocableHandlerMethod.java:106) ~[spring-webmvc-5.3.6.jar:5.3.6]
	at org.springframework.web.servlet.mvc.method.annotation.RequestMappingHandlerAdapter.invokeHandlerMethod(RequestMappingHandlerAdapter.java:894) ~[spring-webmvc-5.3.6.jar:5.3.6]
	at org.springframework.web.servlet.mvc.method.annotation.RequestMappingHandlerAdapter.handleInternal(RequestMappingHandlerAdapter.java:808) ~[spring-webmvc-5.3.6.jar:5.3.6]
	at org.springframework.web.servlet.mvc.method.AbstractHandlerMethodAdapter.handle(AbstractHandlerMethodAdapter.java:87) ~[spring-webmvc-5.3.6.jar:5.3.6]
	at org.springframework.web.servlet.DispatcherServlet.doDispatch(DispatcherServlet.java:1060) ~[spring-webmvc-5.3.6.jar:5.3.6]
	at org.springframework.web.servlet.DispatcherServlet.doService(DispatcherServlet.java:962) ~[spring-webmvc-5.3.6.jar:5.3.6]
	at org.springframework.web.servlet.FrameworkServlet.processRequest(FrameworkServlet.java:1006) ~[spring-webmvc-5.3.6.jar:5.3.6]
	at org.springframework.web.servlet.FrameworkServlet.doGet(FrameworkServlet.java:898) ~[spring-webmvc-5.3.6.jar:5.3.6]
	at javax.servlet.http.HttpServlet.service(HttpServlet.java:626) ~[tomcat-embed-core-9.0.45.jar:4.0.FR]
	at org.springframework.web.servlet.FrameworkServlet.service(FrameworkServlet.java:883) ~[spring-webmvc-5.3.6.jar:5.3.6]
	at javax.servlet.http.HttpServlet.service(HttpServlet.java:733) ~[tomcat-embed-core-9.0.45.jar:4.0.FR]
	at org.apache.catalina.core.ApplicationFilterChain.internalDoFilter(ApplicationFilterChain.java:227) ~[tomcat-embed-core-9.0.45.jar:9.0.45]
	at org.apache.catalina.core.ApplicationFilterChain.doFilter(ApplicationFilterChain.java:162) ~[tomcat-embed-core-9.0.45.jar:9.0.45]
	at org.apache.tomcat.websocket.server.WsFilter.doFilter(WsFilter.java:53) ~[tomcat-embed-websocket-9.0.45.jar:9.0.45]
	at org.apache.catalina.core.ApplicationFilterChain.internalDoFilter(ApplicationFilterChain.java:189) ~[tomcat-embed-core-9.0.45.jar:9.0.45]
	at org.apache.catalina.core.ApplicationFilterChain.doFilter(ApplicationFilterChain.java:162) ~[tomcat-embed-core-9.0.45.jar:9.0.45]
	at com.qdu.nav.config.CrossOriginFilter.doFilter(CrossOriginFilter.java:31) ~[classes/:?]
	at org.apache.catalina.core.ApplicationFilterChain.internalDoFilter(ApplicationFilterChain.java:189) ~[tomcat-embed-core-9.0.45.jar:9.0.45]
	at org.apache.catalina.core.ApplicationFilterChain.doFilter(ApplicationFilterChain.java:162) ~[tomcat-embed-core-9.0.45.jar:9.0.45]
	at com.alibaba.druid.support.http.WebStatFilter.doFilter(WebStatFilter.java:124) ~[druid-1.2.1.jar:1.2.1]
	at org.apache.catalina.core.ApplicationFilterChain.internalDoFilter(ApplicationFilterChain.java:189) ~[tomcat-embed-core-9.0.45.jar:9.0.45]
	at org.apache.catalina.core.ApplicationFilterChain.doFilter(ApplicationFilterChain.java:162) ~[tomcat-embed-core-9.0.45.jar:9.0.45]
	at org.springframework.web.filter.RequestContextFilter.doFilterInternal(RequestContextFilter.java:100) ~[spring-web-5.3.6.jar:5.3.6]
	at org.springframework.web.filter.OncePerRequestFilter.doFilter(OncePerRequestFilter.java:119) ~[spring-web-5.3.6.jar:5.3.6]
	at org.apache.catalina.core.ApplicationFilterChain.internalDoFilter(ApplicationFilterChain.java:189) ~[tomcat-embed-core-9.0.45.jar:9.0.45]
	at org.apache.catalina.core.ApplicationFilterChain.doFilter(ApplicationFilterChain.java:162) ~[tomcat-embed-core-9.0.45.jar:9.0.45]
	at org.springframework.web.filter.FormContentFilter.doFilterInternal(FormContentFilter.java:93) ~[spring-web-5.3.6.jar:5.3.6]
	at org.springframework.web.filter.OncePerRequestFilter.doFilter(OncePerRequestFilter.java:119) ~[spring-web-5.3.6.jar:5.3.6]
	at org.apache.catalina.core.ApplicationFilterChain.internalDoFilter(ApplicationFilterChain.java:189) ~[tomcat-embed-core-9.0.45.jar:9.0.45]
	at org.apache.catalina.core.ApplicationFilterChain.doFilter(ApplicationFilterChain.java:162) ~[tomcat-embed-core-9.0.45.jar:9.0.45]
	at org.springframework.web.filter.CharacterEncodingFilter.doFilterInternal(CharacterEncodingFilter.java:201) ~[spring-web-5.3.6.jar:5.3.6]
	at org.springframework.web.filter.OncePerRequestFilter.doFilter(OncePerRequestFilter.java:119) ~[spring-web-5.3.6.jar:5.3.6]
	at org.apache.catalina.core.ApplicationFilterChain.internalDoFilter(ApplicationFilterChain.java:189) ~[tomcat-embed-core-9.0.45.jar:9.0.45]
	at org.apache.catalina.core.ApplicationFilterChain.doFilter(ApplicationFilterChain.java:162) ~[tomcat-embed-core-9.0.45.jar:9.0.45]
	at org.apache.catalina.core.StandardWrapperValve.invoke(StandardWrapperValve.java:202) [tomcat-embed-core-9.0.45.jar:9.0.45]
	at org.apache.catalina.core.StandardContextValve.invoke(StandardContextValve.java:97) [tomcat-embed-core-9.0.45.jar:9.0.45]
	at org.apache.catalina.authenticator.AuthenticatorBase.invoke(AuthenticatorBase.java:542) [tomcat-embed-core-9.0.45.jar:9.0.45]
	at org.apache.catalina.core.StandardHostValve.invoke(StandardHostValve.java:143) [tomcat-embed-core-9.0.45.jar:9.0.45]
	at org.apache.catalina.valves.ErrorReportValve.invoke(ErrorReportValve.java:92) [tomcat-embed-core-9.0.45.jar:9.0.45]
	at org.apache.catalina.core.StandardEngineValve.invoke(StandardEngineValve.java:78) [tomcat-embed-core-9.0.45.jar:9.0.45]
	at org.apache.catalina.connector.CoyoteAdapter.service(CoyoteAdapter.java:357) [tomcat-embed-core-9.0.45.jar:9.0.45]
	at org.apache.coyote.http11.Http11Processor.service(Http11Processor.java:374) [tomcat-embed-core-9.0.45.jar:9.0.45]
	at org.apache.coyote.AbstractProcessorLight.process(AbstractProcessorLight.java:65) [tomcat-embed-core-9.0.45.jar:9.0.45]
	at org.apache.coyote.AbstractProtocol$ConnectionHandler.process(AbstractProtocol.java:893) [tomcat-embed-core-9.0.45.jar:9.0.45]
	at org.apache.tomcat.util.net.NioEndpoint$SocketProcessor.doRun(NioEndpoint.java:1707) [tomcat-embed-core-9.0.45.jar:9.0.45]
	at org.apache.tomcat.util.net.SocketProcessorBase.run(SocketProcessorBase.java:49) [tomcat-embed-core-9.0.45.jar:9.0.45]
	at java.util.concurrent.ThreadPoolExecutor.runWorker(ThreadPoolExecutor.java:1130) [?:?]
	at java.util.concurrent.ThreadPoolExecutor$Worker.run(ThreadPoolExecutor.java:630) [?:?]
	at org.apache.tomcat.util.threads.TaskThread$WrappingRunnable.run(TaskThread.java:61) [tomcat-embed-core-9.0.45.jar:9.0.45]
	at java.lang.Thread.run(Thread.java:832) [?:?]
[2021-05-19T01:17:47,174+08:00] ERROR [http-nio-18814-exec-8] [/].[dispatcherServlet] - Servlet.service() for servlet [dispatcherServlet] in context with path [] threw exception [Request processing failed; nested exception is org.springframework.web.client.HttpServerErrorException$InternalServerError: 500 INTERNAL SERVER ERROR: [<!DOCTYPE HTML PUBLIC "-//W3C//DTD HTML 3.2 Final//EN">
<title>500 Internal Server Error</title>
<h1>Internal Server Error</h1>
<p>The server encountered an internal error and was unable to complete your request. Either the server is overloaded or there is an error in the application.</p>
]] with root cause
] org.springframework.web.client.HttpServerErrorException$InternalServerError: 500 INTERNAL SERVER ERROR: [<!DOCTYPE HTML PUBLIC "-//W3C//DTD HTML 3.2 Final//EN">
<title>500 Internal Server Error</title>
<h1>Internal Server Error</h1>
<p>The server encountered an internal error and was unable to complete your request. Either the server is overloaded or there is an error in the application.</p>
]
	at org.springframework.web.client.HttpServerErrorException.create(HttpServerErrorException.java:100) ~[spring-web-5.3.6.jar:5.3.6]
	at org.springframework.web.client.DefaultResponseErrorHandler.handleError(DefaultResponseErrorHandler.java:188) ~[spring-web-5.3.6.jar:5.3.6]
	at org.springframework.web.client.DefaultResponseErrorHandler.handleError(DefaultResponseErrorHandler.java:125) ~[spring-web-5.3.6.jar:5.3.6]
	at org.springframework.web.client.ResponseErrorHandler.handleError(ResponseErrorHandler.java:63) ~[spring-web-5.3.6.jar:5.3.6]
	at org.springframework.web.client.RestTemplate.handleResponse(RestTemplate.java:819) ~[spring-web-5.3.6.jar:5.3.6]
	at org.springframework.web.client.RestTemplate.doExecute(RestTemplate.java:777) ~[spring-web-5.3.6.jar:5.3.6]
	at org.springframework.web.client.RestTemplate.execute(RestTemplate.java:732) ~[spring-web-5.3.6.jar:5.3.6]
	at org.springframework.web.client.RestTemplate.getForObject(RestTemplate.java:343) ~[spring-web-5.3.6.jar:5.3.6]
	at com.qdu.nav.service.impl.TodoServiceImpl.testHttp(TodoServiceImpl.java:39) ~[classes/:?]
	at com.qdu.nav.service.impl.TodoServiceImpl.getTodoFromRishiqing(TodoServiceImpl.java:28) ~[classes/:?]
	at com.qdu.nav.controller.TodoController.getTodos(TodoController.java:29) ~[classes/:?]
	at jdk.internal.reflect.NativeMethodAccessorImpl.invoke0(Native Method) ~[?:?]
	at jdk.internal.reflect.NativeMethodAccessorImpl.invoke(NativeMethodAccessorImpl.java:64) ~[?:?]
	at jdk.internal.reflect.DelegatingMethodAccessorImpl.invoke(DelegatingMethodAccessorImpl.java:43) ~[?:?]
	at java.lang.reflect.Method.invoke(Method.java:564) ~[?:?]
	at org.springframework.web.method.support.InvocableHandlerMethod.doInvoke(InvocableHandlerMethod.java:197) ~[spring-web-5.3.6.jar:5.3.6]
	at org.springframework.web.method.support.InvocableHandlerMethod.invokeForRequest(InvocableHandlerMethod.java:141) ~[spring-web-5.3.6.jar:5.3.6]
	at org.springframework.web.servlet.mvc.method.annotation.ServletInvocableHandlerMethod.invokeAndHandle(ServletInvocableHandlerMethod.java:106) ~[spring-webmvc-5.3.6.jar:5.3.6]
	at org.springframework.web.servlet.mvc.method.annotation.RequestMappingHandlerAdapter.invokeHandlerMethod(RequestMappingHandlerAdapter.java:894) ~[spring-webmvc-5.3.6.jar:5.3.6]
	at org.springframework.web.servlet.mvc.method.annotation.RequestMappingHandlerAdapter.handleInternal(RequestMappingHandlerAdapter.java:808) ~[spring-webmvc-5.3.6.jar:5.3.6]
	at org.springframework.web.servlet.mvc.method.AbstractHandlerMethodAdapter.handle(AbstractHandlerMethodAdapter.java:87) ~[spring-webmvc-5.3.6.jar:5.3.6]
	at org.springframework.web.servlet.DispatcherServlet.doDispatch(DispatcherServlet.java:1060) ~[spring-webmvc-5.3.6.jar:5.3.6]
	at org.springframework.web.servlet.DispatcherServlet.doService(DispatcherServlet.java:962) ~[spring-webmvc-5.3.6.jar:5.3.6]
	at org.springframework.web.servlet.FrameworkServlet.processRequest(FrameworkServlet.java:1006) ~[spring-webmvc-5.3.6.jar:5.3.6]
	at org.springframework.web.servlet.FrameworkServlet.doGet(FrameworkServlet.java:898) ~[spring-webmvc-5.3.6.jar:5.3.6]
	at javax.servlet.http.HttpServlet.service(HttpServlet.java:626) ~[tomcat-embed-core-9.0.45.jar:4.0.FR]
	at org.springframework.web.servlet.FrameworkServlet.service(FrameworkServlet.java:883) ~[spring-webmvc-5.3.6.jar:5.3.6]
	at javax.servlet.http.HttpServlet.service(HttpServlet.java:733) ~[tomcat-embed-core-9.0.45.jar:4.0.FR]
	at org.apache.catalina.core.ApplicationFilterChain.internalDoFilter(ApplicationFilterChain.java:227) ~[tomcat-embed-core-9.0.45.jar:9.0.45]
	at org.apache.catalina.core.ApplicationFilterChain.doFilter(ApplicationFilterChain.java:162) ~[tomcat-embed-core-9.0.45.jar:9.0.45]
	at org.apache.tomcat.websocket.server.WsFilter.doFilter(WsFilter.java:53) ~[tomcat-embed-websocket-9.0.45.jar:9.0.45]
	at org.apache.catalina.core.ApplicationFilterChain.internalDoFilter(ApplicationFilterChain.java:189) ~[tomcat-embed-core-9.0.45.jar:9.0.45]
	at org.apache.catalina.core.ApplicationFilterChain.doFilter(ApplicationFilterChain.java:162) ~[tomcat-embed-core-9.0.45.jar:9.0.45]
	at com.qdu.nav.config.CrossOriginFilter.doFilter(CrossOriginFilter.java:31) ~[classes/:?]
	at org.apache.catalina.core.ApplicationFilterChain.internalDoFilter(ApplicationFilterChain.java:189) ~[tomcat-embed-core-9.0.45.jar:9.0.45]
	at org.apache.catalina.core.ApplicationFilterChain.doFilter(ApplicationFilterChain.java:162) ~[tomcat-embed-core-9.0.45.jar:9.0.45]
	at com.alibaba.druid.support.http.WebStatFilter.doFilter(WebStatFilter.java:124) ~[druid-1.2.1.jar:1.2.1]
	at org.apache.catalina.core.ApplicationFilterChain.internalDoFilter(ApplicationFilterChain.java:189) ~[tomcat-embed-core-9.0.45.jar:9.0.45]
	at org.apache.catalina.core.ApplicationFilterChain.doFilter(ApplicationFilterChain.java:162) ~[tomcat-embed-core-9.0.45.jar:9.0.45]
	at org.springframework.web.filter.RequestContextFilter.doFilterInternal(RequestContextFilter.java:100) ~[spring-web-5.3.6.jar:5.3.6]
	at org.springframework.web.filter.OncePerRequestFilter.doFilter(OncePerRequestFilter.java:119) ~[spring-web-5.3.6.jar:5.3.6]
	at org.apache.catalina.core.ApplicationFilterChain.internalDoFilter(ApplicationFilterChain.java:189) ~[tomcat-embed-core-9.0.45.jar:9.0.45]
	at org.apache.catalina.core.ApplicationFilterChain.doFilter(ApplicationFilterChain.java:162) ~[tomcat-embed-core-9.0.45.jar:9.0.45]
	at org.springframework.web.filter.FormContentFilter.doFilterInternal(FormContentFilter.java:93) ~[spring-web-5.3.6.jar:5.3.6]
	at org.springframework.web.filter.OncePerRequestFilter.doFilter(OncePerRequestFilter.java:119) ~[spring-web-5.3.6.jar:5.3.6]
	at org.apache.catalina.core.ApplicationFilterChain.internalDoFilter(ApplicationFilterChain.java:189) ~[tomcat-embed-core-9.0.45.jar:9.0.45]
	at org.apache.catalina.core.ApplicationFilterChain.doFilter(ApplicationFilterChain.java:162) ~[tomcat-embed-core-9.0.45.jar:9.0.45]
	at org.springframework.web.filter.CharacterEncodingFilter.doFilterInternal(CharacterEncodingFilter.java:201) ~[spring-web-5.3.6.jar:5.3.6]
	at org.springframework.web.filter.OncePerRequestFilter.doFilter(OncePerRequestFilter.java:119) ~[spring-web-5.3.6.jar:5.3.6]
	at org.apache.catalina.core.ApplicationFilterChain.internalDoFilter(ApplicationFilterChain.java:189) ~[tomcat-embed-core-9.0.45.jar:9.0.45]
	at org.apache.catalina.core.ApplicationFilterChain.doFilter(ApplicationFilterChain.java:162) ~[tomcat-embed-core-9.0.45.jar:9.0.45]
	at org.apache.catalina.core.StandardWrapperValve.invoke(StandardWrapperValve.java:202) [tomcat-embed-core-9.0.45.jar:9.0.45]
	at org.apache.catalina.core.StandardContextValve.invoke(StandardContextValve.java:97) [tomcat-embed-core-9.0.45.jar:9.0.45]
	at org.apache.catalina.authenticator.AuthenticatorBase.invoke(AuthenticatorBase.java:542) [tomcat-embed-core-9.0.45.jar:9.0.45]
	at org.apache.catalina.core.StandardHostValve.invoke(StandardHostValve.java:143) [tomcat-embed-core-9.0.45.jar:9.0.45]
	at org.apache.catalina.valves.ErrorReportValve.invoke(ErrorReportValve.java:92) [tomcat-embed-core-9.0.45.jar:9.0.45]
	at org.apache.catalina.core.StandardEngineValve.invoke(StandardEngineValve.java:78) [tomcat-embed-core-9.0.45.jar:9.0.45]
	at org.apache.catalina.connector.CoyoteAdapter.service(CoyoteAdapter.java:357) [tomcat-embed-core-9.0.45.jar:9.0.45]
	at org.apache.coyote.http11.Http11Processor.service(Http11Processor.java:374) [tomcat-embed-core-9.0.45.jar:9.0.45]
	at org.apache.coyote.AbstractProcessorLight.process(AbstractProcessorLight.java:65) [tomcat-embed-core-9.0.45.jar:9.0.45]
	at org.apache.coyote.AbstractProtocol$ConnectionHandler.process(AbstractProtocol.java:893) [tomcat-embed-core-9.0.45.jar:9.0.45]
	at org.apache.tomcat.util.net.NioEndpoint$SocketProcessor.doRun(NioEndpoint.java:1707) [tomcat-embed-core-9.0.45.jar:9.0.45]
	at org.apache.tomcat.util.net.SocketProcessorBase.run(SocketProcessorBase.java:49) [tomcat-embed-core-9.0.45.jar:9.0.45]
	at java.util.concurrent.ThreadPoolExecutor.runWorker(ThreadPoolExecutor.java:1130) [?:?]
	at java.util.concurrent.ThreadPoolExecutor$Worker.run(ThreadPoolExecutor.java:630) [?:?]
	at org.apache.tomcat.util.threads.TaskThread$WrappingRunnable.run(TaskThread.java:61) [tomcat-embed-core-9.0.45.jar:9.0.45]
	at java.lang.Thread.run(Thread.java:832) [?:?]
[2021-05-19T01:24:01,760+08:00] ERROR [http-nio-18814-exec-8] pool.DruidAbstractDataSource - discard long time none received connection. , jdbcUrl : jdbc:mysql://localhost:3306/navigation?useUnicode=true&characterEncoding=utf-8&useSSL=false, jdbcUrl : jdbc:mysql://localhost:3306/navigation?useUnicode=true&characterEncoding=utf-8&useSSL=false, lastPacketReceivedIdleMillis : 61270
][2021-05-19T01:26:56,376+08:00] ERROR [http-nio-18814-exec-9] pool.DruidAbstractDataSource - discard long time none received connection. , jdbcUrl : jdbc:mysql://localhost:3306/navigation?useUnicode=true&characterEncoding=utf-8&useSSL=false, jdbcUrl : jdbc:mysql://localhost:3306/navigation?useUnicode=true&characterEncoding=utf-8&useSSL=false, lastPacketReceivedIdleMillis : 97963
][2021-05-19T01:29:11,625+08:00] ERROR [http-nio-18814-exec-7] pool.DruidAbstractDataSource - discard long time none received connection. , jdbcUrl : jdbc:mysql://localhost:3306/navigation?useUnicode=true&characterEncoding=utf-8&useSSL=false, jdbcUrl : jdbc:mysql://localhost:3306/navigation?useUnicode=true&characterEncoding=utf-8&useSSL=false, lastPacketReceivedIdleMillis : 74682
][2021-05-19T01:33:30,723+08:00] INFO  [SpringContextShutdownHook] concurrent.ThreadPoolTaskExecutor - Shutting down ExecutorService 'applicationTaskExecutor'
][2021-05-19T01:33:30,927+08:00] INFO  [SpringContextShutdownHook] pool.DruidDataSource - {dataSource-1} closing ...
][2021-05-19T01:33:30,937+08:00] INFO  [SpringContextShutdownHook] pool.DruidDataSource - {dataSource-1} closed
][2021-05-19T01:33:37,201+08:00] INFO  [restartedMain] nav.NavApplication - Starting NavApplication using Java 15 on Pengyus-MacBook-Pro.local with PID 33002 (/Users/uuorb/Desktop/navigation/server/nav/target/classes started by uuorb in /Users/uuorb/Desktop/navigation/server/nav)
][2021-05-19T01:33:37,210+08:00] INFO  [restartedMain] nav.NavApplication - The following profiles are active: dev
][2021-05-19T01:33:37,270+08:00] INFO  [restartedMain] restart.ChangeableUrls - The Class-Path manifest attribute in /Users/uuorb/.m2/repository/com/sun/xml/bind/jaxb-core/2.3.0/jaxb-core-2.3.0.jar referenced one or more files that do not exist: file:/Users/uuorb/.m2/repository/com/sun/xml/bind/jaxb-core/2.3.0/jaxb-api.jar
][2021-05-19T01:33:37,270+08:00] INFO  [restartedMain] restart.ChangeableUrls - The Class-Path manifest attribute in /Users/uuorb/.m2/repository/com/sun/xml/bind/jaxb-impl/2.3.0/jaxb-impl-2.3.0.jar referenced one or more files that do not exist: file:/Users/uuorb/.m2/repository/com/sun/xml/bind/jaxb-impl/2.3.0/jaxb-core.jar
][2021-05-19T01:33:37,270+08:00] INFO  [restartedMain] env.DevToolsPropertyDefaultsPostProcessor - Devtools property defaults active! Set 'spring.devtools.add-properties' to 'false' to disable
][2021-05-19T01:33:37,271+08:00] INFO  [restartedMain] env.DevToolsPropertyDefaultsPostProcessor - For additional web related logging consider setting the 'logging.level.web' property to 'DEBUG'
][2021-05-19T01:33:38,240+08:00] INFO  [restartedMain] config.RepositoryConfigurationDelegate - Multiple Spring Data modules found, entering strict repository configuration mode!
][2021-05-19T01:33:38,244+08:00] INFO  [restartedMain] config.RepositoryConfigurationDelegate - Bootstrapping Spring Data Redis repositories in DEFAULT mode.
][2021-05-19T01:33:38,272+08:00] INFO  [restartedMain] config.RepositoryConfigurationDelegate - Finished Spring Data repository scanning in 11 ms. Found 0 Redis repository interfaces.
][2021-05-19T01:33:38,561+08:00] INFO  [restartedMain] support.PostProcessorRegistrationDelegate$BeanPostProcessorChecker - Bean 'redisConfig' of type [com.qdu.nav.config.RedisConfig$$EnhancerBySpringCGLIB$$838a8469] is not eligible for getting processed by all BeanPostProcessors (for example: not eligible for auto-proxying)
][2021-05-19T01:33:38,834+08:00] INFO  [restartedMain] tomcat.TomcatWebServer - Tomcat initialized with port(s): 18814 (http)
][2021-05-19T01:33:38,842+08:00] INFO  [restartedMain] http11.Http11NioProtocol - Initializing ProtocolHandler ["http-nio-18814"]
][2021-05-19T01:33:38,843+08:00] INFO  [restartedMain] core.StandardService - Starting service [Tomcat]
][2021-05-19T01:33:38,843+08:00] INFO  [restartedMain] core.StandardEngine - Starting Servlet engine: [Apache Tomcat/9.0.45]
][2021-05-19T01:33:38,904+08:00] INFO  [restartedMain] [localhost].[/] - Initializing Spring embedded WebApplicationContext
][2021-05-19T01:33:38,905+08:00] INFO  [restartedMain] context.ServletWebServerApplicationContext - Root WebApplicationContext: initialization completed in 1633 ms
][2021-05-19T01:33:40,090+08:00] INFO  [restartedMain] concurrent.ThreadPoolTaskExecutor - Initializing ExecutorService 'applicationTaskExecutor'
][2021-05-19T01:33:40,122+08:00] INFO  [restartedMain] autoconfigure.OptionalLiveReloadServer - LiveReload server is running on port 35729
][2021-05-19T01:33:40,365+08:00] INFO  [restartedMain] http11.Http11NioProtocol - Starting ProtocolHandler ["http-nio-18814"]
][2021-05-19T01:33:40,384+08:00] INFO  [restartedMain] tomcat.TomcatWebServer - Tomcat started on port(s): 18814 (http) with context path ''
][2021-05-19T01:33:40,525+08:00] INFO  [restartedMain] nav.NavApplication - Started NavApplication in 3.746 seconds (JVM running for 4.779)
][2021-05-19T01:33:45,911+08:00] INFO  [http-nio-18814-exec-1] [localhost].[/] - Initializing Spring DispatcherServlet 'dispatcherServlet'
][2021-05-19T01:33:45,911+08:00] INFO  [http-nio-18814-exec-1] servlet.DispatcherServlet - Initializing Servlet 'dispatcherServlet'
][2021-05-19T01:33:45,913+08:00] INFO  [http-nio-18814-exec-1] servlet.DispatcherServlet - Completed initialization in 2 ms
][2021-05-19T01:33:46,147+08:00] INFO  [http-nio-18814-exec-2] pool.DruidDataSource - {dataSource-1} inited
][2021-05-19T01:35:54,224+08:00] ERROR [http-nio-18814-exec-1] pool.DruidAbstractDataSource - discard long time none received connection. , jdbcUrl : jdbc:mysql://localhost:3306/navigation?useUnicode=true&characterEncoding=utf-8&useSSL=false, jdbcUrl : jdbc:mysql://localhost:3306/navigation?useUnicode=true&characterEncoding=utf-8&useSSL=false, lastPacketReceivedIdleMillis : 123431
][2021-05-19T01:35:54,230+08:00] ERROR [http-nio-18814-exec-1] pool.DruidAbstractDataSource - discard long time none received connection. , jdbcUrl : jdbc:mysql://localhost:3306/navigation?useUnicode=true&characterEncoding=utf-8&useSSL=false, jdbcUrl : jdbc:mysql://localhost:3306/navigation?useUnicode=true&characterEncoding=utf-8&useSSL=false, lastPacketReceivedIdleMillis : 128095
][2021-05-19T01:35:54,232+08:00] ERROR [http-nio-18814-exec-1] pool.DruidAbstractDataSource - discard long time none received connection. , jdbcUrl : jdbc:mysql://localhost:3306/navigation?useUnicode=true&characterEncoding=utf-8&useSSL=false, jdbcUrl : jdbc:mysql://localhost:3306/navigation?useUnicode=true&characterEncoding=utf-8&useSSL=false, lastPacketReceivedIdleMillis : 128107
][2021-05-19T01:35:54,233+08:00] ERROR [http-nio-18814-exec-1] pool.DruidAbstractDataSource - discard long time none received connection. , jdbcUrl : jdbc:mysql://localhost:3306/navigation?useUnicode=true&characterEncoding=utf-8&useSSL=false, jdbcUrl : jdbc:mysql://localhost:3306/navigation?useUnicode=true&characterEncoding=utf-8&useSSL=false, lastPacketReceivedIdleMillis : 128118
][2021-05-19T01:35:54,235+08:00] ERROR [http-nio-18814-exec-1] pool.DruidAbstractDataSource - discard long time none received connection. , jdbcUrl : jdbc:mysql://localhost:3306/navigation?useUnicode=true&characterEncoding=utf-8&useSSL=false, jdbcUrl : jdbc:mysql://localhost:3306/navigation?useUnicode=true&characterEncoding=utf-8&useSSL=false, lastPacketReceivedIdleMillis : 128128
][2021-05-19T01:36:38,479+08:00] INFO  [SpringContextShutdownHook] concurrent.ThreadPoolTaskExecutor - Shutting down ExecutorService 'applicationTaskExecutor'
][2021-05-19T01:36:38,628+08:00] INFO  [SpringContextShutdownHook] pool.DruidDataSource - {dataSource-1} closing ...
][2021-05-19T01:36:38,630+08:00] INFO  [SpringContextShutdownHook] pool.DruidDataSource - {dataSource-1} closed
][2021-05-19T01:36:43,831+08:00] INFO  [restartedMain] nav.NavApplication - Starting NavApplication using Java 15 on Pengyus-MacBook-Pro.local with PID 33154 (/Users/uuorb/Desktop/navigation/server/nav/target/classes started by uuorb in /Users/uuorb/Desktop/navigation/server/nav)
][2021-05-19T01:36:43,839+08:00] INFO  [restartedMain] nav.NavApplication - The following profiles are active: dev
][2021-05-19T01:36:43,905+08:00] INFO  [restartedMain] restart.ChangeableUrls - The Class-Path manifest attribute in /Users/uuorb/.m2/repository/com/sun/xml/bind/jaxb-core/2.3.0/jaxb-core-2.3.0.jar referenced one or more files that do not exist: file:/Users/uuorb/.m2/repository/com/sun/xml/bind/jaxb-core/2.3.0/jaxb-api.jar
][2021-05-19T01:36:43,906+08:00] INFO  [restartedMain] restart.ChangeableUrls - The Class-Path manifest attribute in /Users/uuorb/.m2/repository/com/sun/xml/bind/jaxb-impl/2.3.0/jaxb-impl-2.3.0.jar referenced one or more files that do not exist: file:/Users/uuorb/.m2/repository/com/sun/xml/bind/jaxb-impl/2.3.0/jaxb-core.jar
][2021-05-19T01:36:43,906+08:00] INFO  [restartedMain] env.DevToolsPropertyDefaultsPostProcessor - Devtools property defaults active! Set 'spring.devtools.add-properties' to 'false' to disable
][2021-05-19T01:36:43,906+08:00] INFO  [restartedMain] env.DevToolsPropertyDefaultsPostProcessor - For additional web related logging consider setting the 'logging.level.web' property to 'DEBUG'
][2021-05-19T01:36:44,842+08:00] INFO  [restartedMain] config.RepositoryConfigurationDelegate - Multiple Spring Data modules found, entering strict repository configuration mode!
][2021-05-19T01:36:44,845+08:00] INFO  [restartedMain] config.RepositoryConfigurationDelegate - Bootstrapping Spring Data Redis repositories in DEFAULT mode.
][2021-05-19T01:36:44,869+08:00] INFO  [restartedMain] config.RepositoryConfigurationDelegate - Finished Spring Data repository scanning in 11 ms. Found 0 Redis repository interfaces.
][2021-05-19T01:36:45,111+08:00] INFO  [restartedMain] support.PostProcessorRegistrationDelegate$BeanPostProcessorChecker - Bean 'redisConfig' of type [com.qdu.nav.config.RedisConfig$$EnhancerBySpringCGLIB$$d9a348dc] is not eligible for getting processed by all BeanPostProcessors (for example: not eligible for auto-proxying)
][2021-05-19T01:36:45,397+08:00] INFO  [restartedMain] tomcat.TomcatWebServer - Tomcat initialized with port(s): 18814 (http)
][2021-05-19T01:36:45,404+08:00] INFO  [restartedMain] http11.Http11NioProtocol - Initializing ProtocolHandler ["http-nio-18814"]
][2021-05-19T01:36:45,405+08:00] INFO  [restartedMain] core.StandardService - Starting service [Tomcat]
][2021-05-19T01:36:45,405+08:00] INFO  [restartedMain] core.StandardEngine - Starting Servlet engine: [Apache Tomcat/9.0.45]
][2021-05-19T01:36:45,468+08:00] INFO  [restartedMain] [localhost].[/] - Initializing Spring embedded WebApplicationContext
][2021-05-19T01:36:45,468+08:00] INFO  [restartedMain] context.ServletWebServerApplicationContext - Root WebApplicationContext: initialization completed in 1560 ms
][2021-05-19T01:36:46,550+08:00] INFO  [restartedMain] concurrent.ThreadPoolTaskExecutor - Initializing ExecutorService 'applicationTaskExecutor'
][2021-05-19T01:36:46,585+08:00] INFO  [restartedMain] autoconfigure.OptionalLiveReloadServer - LiveReload server is running on port 35729
][2021-05-19T01:36:46,822+08:00] INFO  [restartedMain] http11.Http11NioProtocol - Starting ProtocolHandler ["http-nio-18814"]
][2021-05-19T01:36:46,845+08:00] INFO  [restartedMain] tomcat.TomcatWebServer - Tomcat started on port(s): 18814 (http) with context path ''
][2021-05-19T01:36:46,992+08:00] INFO  [restartedMain] nav.NavApplication - Started NavApplication in 3.626 seconds (JVM running for 4.615)
][2021-05-19T01:37:06,345+08:00] INFO  [http-nio-18814-exec-1] [localhost].[/] - Initializing Spring DispatcherServlet 'dispatcherServlet'
][2021-05-19T01:37:06,346+08:00] INFO  [http-nio-18814-exec-1] servlet.DispatcherServlet - Initializing Servlet 'dispatcherServlet'
][2021-05-19T01:37:06,348+08:00] INFO  [http-nio-18814-exec-1] servlet.DispatcherServlet - Completed initialization in 2 ms
][2021-05-19T01:37:06,626+08:00] INFO  [http-nio-18814-exec-2] pool.DruidDataSource - {dataSource-1} inited
][2021-05-19T01:37:59,732+08:00] INFO  [SpringContextShutdownHook] concurrent.ThreadPoolTaskExecutor - Shutting down ExecutorService 'applicationTaskExecutor'
][2021-05-19T01:37:59,852+08:00] INFO  [SpringContextShutdownHook] pool.DruidDataSource - {dataSource-1} closing ...
][2021-05-19T01:37:59,858+08:00] INFO  [SpringContextShutdownHook] pool.DruidDataSource - {dataSource-1} closed
][2021-05-19T01:38:05,269+08:00] INFO  [restartedMain] nav.NavApplication - Starting NavApplication using Java 15 on Pengyus-MacBook-Pro.local with PID 33174 (/Users/uuorb/Desktop/navigation/server/nav/target/classes started by uuorb in /Users/uuorb/Desktop/navigation/server/nav)
][2021-05-19T01:38:05,278+08:00] INFO  [restartedMain] nav.NavApplication - The following profiles are active: dev
][2021-05-19T01:38:05,341+08:00] INFO  [restartedMain] restart.ChangeableUrls - The Class-Path manifest attribute in /Users/uuorb/.m2/repository/com/sun/xml/bind/jaxb-core/2.3.0/jaxb-core-2.3.0.jar referenced one or more files that do not exist: file:/Users/uuorb/.m2/repository/com/sun/xml/bind/jaxb-core/2.3.0/jaxb-api.jar
][2021-05-19T01:38:05,341+08:00] INFO  [restartedMain] restart.ChangeableUrls - The Class-Path manifest attribute in /Users/uuorb/.m2/repository/com/sun/xml/bind/jaxb-impl/2.3.0/jaxb-impl-2.3.0.jar referenced one or more files that do not exist: file:/Users/uuorb/.m2/repository/com/sun/xml/bind/jaxb-impl/2.3.0/jaxb-core.jar
][2021-05-19T01:38:05,342+08:00] INFO  [restartedMain] env.DevToolsPropertyDefaultsPostProcessor - Devtools property defaults active! Set 'spring.devtools.add-properties' to 'false' to disable
][2021-05-19T01:38:05,342+08:00] INFO  [restartedMain] env.DevToolsPropertyDefaultsPostProcessor - For additional web related logging consider setting the 'logging.level.web' property to 'DEBUG'
][2021-05-19T01:38:06,359+08:00] INFO  [restartedMain] config.RepositoryConfigurationDelegate - Multiple Spring Data modules found, entering strict repository configuration mode!
][2021-05-19T01:38:06,362+08:00] INFO  [restartedMain] config.RepositoryConfigurationDelegate - Bootstrapping Spring Data Redis repositories in DEFAULT mode.
][2021-05-19T01:38:06,389+08:00] INFO  [restartedMain] config.RepositoryConfigurationDelegate - Finished Spring Data repository scanning in 11 ms. Found 0 Redis repository interfaces.
][2021-05-19T01:38:06,657+08:00] INFO  [restartedMain] support.PostProcessorRegistrationDelegate$BeanPostProcessorChecker - Bean 'redisConfig' of type [com.qdu.nav.config.RedisConfig$$EnhancerBySpringCGLIB$$12adbad8] is not eligible for getting processed by all BeanPostProcessors (for example: not eligible for auto-proxying)
][2021-05-19T01:38:06,918+08:00] INFO  [restartedMain] tomcat.TomcatWebServer - Tomcat initialized with port(s): 18814 (http)
][2021-05-19T01:38:06,932+08:00] INFO  [restartedMain] http11.Http11NioProtocol - Initializing ProtocolHandler ["http-nio-18814"]
][2021-05-19T01:38:06,932+08:00] INFO  [restartedMain] core.StandardService - Starting service [Tomcat]
][2021-05-19T01:38:06,933+08:00] INFO  [restartedMain] core.StandardEngine - Starting Servlet engine: [Apache Tomcat/9.0.45]
][2021-05-19T01:38:06,991+08:00] INFO  [restartedMain] [localhost].[/] - Initializing Spring embedded WebApplicationContext
][2021-05-19T01:38:06,991+08:00] INFO  [restartedMain] context.ServletWebServerApplicationContext - Root WebApplicationContext: initialization completed in 1647 ms
][2021-05-19T01:38:08,143+08:00] INFO  [restartedMain] concurrent.ThreadPoolTaskExecutor - Initializing ExecutorService 'applicationTaskExecutor'
][2021-05-19T01:38:08,173+08:00] INFO  [restartedMain] autoconfigure.OptionalLiveReloadServer - LiveReload server is running on port 35729
][2021-05-19T01:38:08,457+08:00] INFO  [restartedMain] http11.Http11NioProtocol - Starting ProtocolHandler ["http-nio-18814"]
][2021-05-19T01:38:08,483+08:00] INFO  [restartedMain] tomcat.TomcatWebServer - Tomcat started on port(s): 18814 (http) with context path ''
][2021-05-19T01:38:08,656+08:00] INFO  [restartedMain] nav.NavApplication - Started NavApplication in 3.811 seconds (JVM running for 4.868)
][2021-05-19T01:38:17,526+08:00] INFO  [http-nio-18814-exec-1] [localhost].[/] - Initializing Spring DispatcherServlet 'dispatcherServlet'
][2021-05-19T01:38:17,527+08:00] INFO  [http-nio-18814-exec-1] servlet.DispatcherServlet - Initializing Servlet 'dispatcherServlet'
][2021-05-19T01:38:17,528+08:00] INFO  [http-nio-18814-exec-1] servlet.DispatcherServlet - Completed initialization in 1 ms
][2021-05-19T01:38:17,774+08:00] INFO  [http-nio-18814-exec-2] pool.DruidDataSource - {dataSource-1} inited
][2021-05-19T01:38:46,397+08:00] INFO  [SpringContextShutdownHook] concurrent.ThreadPoolTaskExecutor - Shutting down ExecutorService 'applicationTaskExecutor'
][2021-05-19T01:38:46,517+08:00] INFO  [SpringContextShutdownHook] pool.DruidDataSource - {dataSource-1} closing ...
][2021-05-19T01:38:46,526+08:00] INFO  [SpringContextShutdownHook] pool.DruidDataSource - {dataSource-1} closed
][2021-05-19T01:38:51,500+08:00] INFO  [restartedMain] nav.NavApplication - Starting NavApplication using Java 15 on Pengyus-MacBook-Pro.local with PID 33192 (/Users/uuorb/Desktop/navigation/server/nav/target/classes started by uuorb in /Users/uuorb/Desktop/navigation/server/nav)
][2021-05-19T01:38:51,511+08:00] INFO  [restartedMain] nav.NavApplication - The following profiles are active: dev
][2021-05-19T01:38:51,574+08:00] INFO  [restartedMain] restart.ChangeableUrls - The Class-Path manifest attribute in /Users/uuorb/.m2/repository/com/sun/xml/bind/jaxb-core/2.3.0/jaxb-core-2.3.0.jar referenced one or more files that do not exist: file:/Users/uuorb/.m2/repository/com/sun/xml/bind/jaxb-core/2.3.0/jaxb-api.jar
][2021-05-19T01:38:51,575+08:00] INFO  [restartedMain] restart.ChangeableUrls - The Class-Path manifest attribute in /Users/uuorb/.m2/repository/com/sun/xml/bind/jaxb-impl/2.3.0/jaxb-impl-2.3.0.jar referenced one or more files that do not exist: file:/Users/uuorb/.m2/repository/com/sun/xml/bind/jaxb-impl/2.3.0/jaxb-core.jar
][2021-05-19T01:38:51,575+08:00] INFO  [restartedMain] env.DevToolsPropertyDefaultsPostProcessor - Devtools property defaults active! Set 'spring.devtools.add-properties' to 'false' to disable
][2021-05-19T01:38:51,575+08:00] INFO  [restartedMain] env.DevToolsPropertyDefaultsPostProcessor - For additional web related logging consider setting the 'logging.level.web' property to 'DEBUG'
][2021-05-19T01:38:52,406+08:00] INFO  [restartedMain] config.RepositoryConfigurationDelegate - Multiple Spring Data modules found, entering strict repository configuration mode!
][2021-05-19T01:38:52,408+08:00] INFO  [restartedMain] config.RepositoryConfigurationDelegate - Bootstrapping Spring Data Redis repositories in DEFAULT mode.
][2021-05-19T01:38:52,431+08:00] INFO  [restartedMain] config.RepositoryConfigurationDelegate - Finished Spring Data repository scanning in 9 ms. Found 0 Redis repository interfaces.
][2021-05-19T01:38:52,651+08:00] INFO  [restartedMain] support.PostProcessorRegistrationDelegate$BeanPostProcessorChecker - Bean 'redisConfig' of type [com.qdu.nav.config.RedisConfig$$EnhancerBySpringCGLIB$$4e936382] is not eligible for getting processed by all BeanPostProcessors (for example: not eligible for auto-proxying)
][2021-05-19T01:38:52,923+08:00] INFO  [restartedMain] tomcat.TomcatWebServer - Tomcat initialized with port(s): 18814 (http)
][2021-05-19T01:38:52,930+08:00] INFO  [restartedMain] http11.Http11NioProtocol - Initializing ProtocolHandler ["http-nio-18814"]
][2021-05-19T01:38:52,930+08:00] INFO  [restartedMain] core.StandardService - Starting service [Tomcat]
][2021-05-19T01:38:52,931+08:00] INFO  [restartedMain] core.StandardEngine - Starting Servlet engine: [Apache Tomcat/9.0.45]
][2021-05-19T01:38:52,991+08:00] INFO  [restartedMain] [localhost].[/] - Initializing Spring embedded WebApplicationContext
][2021-05-19T01:38:52,991+08:00] INFO  [restartedMain] context.ServletWebServerApplicationContext - Root WebApplicationContext: initialization completed in 1414 ms
][2021-05-19T01:38:54,000+08:00] INFO  [restartedMain] concurrent.ThreadPoolTaskExecutor - Initializing ExecutorService 'applicationTaskExecutor'
][2021-05-19T01:38:54,030+08:00] INFO  [restartedMain] autoconfigure.OptionalLiveReloadServer - LiveReload server is running on port 35729
][2021-05-19T01:38:54,256+08:00] INFO  [restartedMain] http11.Http11NioProtocol - Starting ProtocolHandler ["http-nio-18814"]
][2021-05-19T01:38:54,276+08:00] INFO  [restartedMain] tomcat.TomcatWebServer - Tomcat started on port(s): 18814 (http) with context path ''
][2021-05-19T01:38:54,416+08:00] INFO  [restartedMain] nav.NavApplication - Started NavApplication in 3.353 seconds (JVM running for 4.435)
][2021-05-19T01:39:25,708+08:00] INFO  [http-nio-18814-exec-1] [localhost].[/] - Initializing Spring DispatcherServlet 'dispatcherServlet'
][2021-05-19T01:39:25,709+08:00] INFO  [http-nio-18814-exec-1] servlet.DispatcherServlet - Initializing Servlet 'dispatcherServlet'
][2021-05-19T01:39:25,711+08:00] INFO  [http-nio-18814-exec-1] servlet.DispatcherServlet - Completed initialization in 1 ms
][2021-05-19T01:39:26,107+08:00] INFO  [http-nio-18814-exec-2] pool.DruidDataSource - {dataSource-1} inited
][2021-05-19T01:39:54,307+08:00] INFO  [SpringContextShutdownHook] concurrent.ThreadPoolTaskExecutor - Shutting down ExecutorService 'applicationTaskExecutor'
][2021-05-19T01:39:54,428+08:00] INFO  [SpringContextShutdownHook] pool.DruidDataSource - {dataSource-1} closing ...
][2021-05-19T01:39:54,434+08:00] INFO  [SpringContextShutdownHook] pool.DruidDataSource - {dataSource-1} closed
][2021-05-19T01:40:00,131+08:00] INFO  [restartedMain] nav.NavApplication - Starting NavApplication using Java 15 on Pengyus-MacBook-Pro.local with PID 33212 (/Users/uuorb/Desktop/navigation/server/nav/target/classes started by uuorb in /Users/uuorb/Desktop/navigation/server/nav)
][2021-05-19T01:40:00,142+08:00] INFO  [restartedMain] nav.NavApplication - The following profiles are active: dev
][2021-05-19T01:40:00,199+08:00] INFO  [restartedMain] restart.ChangeableUrls - The Class-Path manifest attribute in /Users/uuorb/.m2/repository/com/sun/xml/bind/jaxb-core/2.3.0/jaxb-core-2.3.0.jar referenced one or more files that do not exist: file:/Users/uuorb/.m2/repository/com/sun/xml/bind/jaxb-core/2.3.0/jaxb-api.jar
][2021-05-19T01:40:00,199+08:00] INFO  [restartedMain] restart.ChangeableUrls - The Class-Path manifest attribute in /Users/uuorb/.m2/repository/com/sun/xml/bind/jaxb-impl/2.3.0/jaxb-impl-2.3.0.jar referenced one or more files that do not exist: file:/Users/uuorb/.m2/repository/com/sun/xml/bind/jaxb-impl/2.3.0/jaxb-core.jar
][2021-05-19T01:40:00,199+08:00] INFO  [restartedMain] env.DevToolsPropertyDefaultsPostProcessor - Devtools property defaults active! Set 'spring.devtools.add-properties' to 'false' to disable
][2021-05-19T01:40:00,200+08:00] INFO  [restartedMain] env.DevToolsPropertyDefaultsPostProcessor - For additional web related logging consider setting the 'logging.level.web' property to 'DEBUG'
][2021-05-19T01:40:01,624+08:00] INFO  [restartedMain] config.RepositoryConfigurationDelegate - Multiple Spring Data modules found, entering strict repository configuration mode!
][2021-05-19T01:40:01,626+08:00] INFO  [restartedMain] config.RepositoryConfigurationDelegate - Bootstrapping Spring Data Redis repositories in DEFAULT mode.
][2021-05-19T01:40:01,652+08:00] INFO  [restartedMain] config.RepositoryConfigurationDelegate - Finished Spring Data repository scanning in 11 ms. Found 0 Redis repository interfaces.
][2021-05-19T01:40:02,088+08:00] INFO  [restartedMain] support.PostProcessorRegistrationDelegate$BeanPostProcessorChecker - Bean 'redisConfig' of type [com.qdu.nav.config.RedisConfig$$EnhancerBySpringCGLIB$$1b9eff00] is not eligible for getting processed by all BeanPostProcessors (for example: not eligible for auto-proxying)
][2021-05-19T01:40:02,527+08:00] INFO  [restartedMain] tomcat.TomcatWebServer - Tomcat initialized with port(s): 18814 (http)
][2021-05-19T01:40:02,533+08:00] INFO  [restartedMain] http11.Http11NioProtocol - Initializing ProtocolHandler ["http-nio-18814"]
][2021-05-19T01:40:02,535+08:00] INFO  [restartedMain] core.StandardService - Starting service [Tomcat]
][2021-05-19T01:40:02,536+08:00] INFO  [restartedMain] core.StandardEngine - Starting Servlet engine: [Apache Tomcat/9.0.45]
][2021-05-19T01:40:02,608+08:00] INFO  [restartedMain] [localhost].[/] - Initializing Spring embedded WebApplicationContext
][2021-05-19T01:40:02,608+08:00] INFO  [restartedMain] context.ServletWebServerApplicationContext - Root WebApplicationContext: initialization completed in 2407 ms
][2021-05-19T01:40:03,889+08:00] INFO  [restartedMain] concurrent.ThreadPoolTaskExecutor - Initializing ExecutorService 'applicationTaskExecutor'
][2021-05-19T01:40:03,920+08:00] INFO  [restartedMain] autoconfigure.OptionalLiveReloadServer - LiveReload server is running on port 35729
][2021-05-19T01:40:04,194+08:00] INFO  [restartedMain] http11.Http11NioProtocol - Starting ProtocolHandler ["http-nio-18814"]
][2021-05-19T01:40:04,216+08:00] INFO  [restartedMain] tomcat.TomcatWebServer - Tomcat started on port(s): 18814 (http) with context path ''
][2021-05-19T01:40:04,435+08:00] INFO  [restartedMain] nav.NavApplication - Started NavApplication in 4.884 seconds (JVM running for 5.928)
][2021-05-19T01:40:04,444+08:00] INFO  [http-nio-18814-exec-1] [localhost].[/] - Initializing Spring DispatcherServlet 'dispatcherServlet'
][2021-05-19T01:40:04,444+08:00] INFO  [http-nio-18814-exec-1] servlet.DispatcherServlet - Initializing Servlet 'dispatcherServlet'
][2021-05-19T01:40:04,445+08:00] INFO  [http-nio-18814-exec-1] servlet.DispatcherServlet - Completed initialization in 1 ms
][2021-05-19T01:40:04,678+08:00] INFO  [http-nio-18814-exec-2] pool.DruidDataSource - {dataSource-1} inited
][2021-05-19T01:43:37,850+08:00] INFO  [SpringContextShutdownHook] concurrent.ThreadPoolTaskExecutor - Shutting down ExecutorService 'applicationTaskExecutor'
][2021-05-19T01:43:37,977+08:00] INFO  [SpringContextShutdownHook] pool.DruidDataSource - {dataSource-1} closing ...
][2021-05-19T01:43:37,985+08:00] INFO  [SpringContextShutdownHook] pool.DruidDataSource - {dataSource-1} closed
][2021-05-19T01:43:43,587+08:00] INFO  [restartedMain] nav.NavApplication - Starting NavApplication using Java 15 on Pengyus-MacBook-Pro.local with PID 33266 (/Users/uuorb/Desktop/navigation/server/nav/target/classes started by uuorb in /Users/uuorb/Desktop/navigation/server/nav)
][2021-05-19T01:43:43,596+08:00] INFO  [restartedMain] nav.NavApplication - The following profiles are active: dev
][2021-05-19T01:43:43,647+08:00] INFO  [restartedMain] restart.ChangeableUrls - The Class-Path manifest attribute in /Users/uuorb/.m2/repository/com/sun/xml/bind/jaxb-core/2.3.0/jaxb-core-2.3.0.jar referenced one or more files that do not exist: file:/Users/uuorb/.m2/repository/com/sun/xml/bind/jaxb-core/2.3.0/jaxb-api.jar
][2021-05-19T01:43:43,647+08:00] INFO  [restartedMain] restart.ChangeableUrls - The Class-Path manifest attribute in /Users/uuorb/.m2/repository/com/sun/xml/bind/jaxb-impl/2.3.0/jaxb-impl-2.3.0.jar referenced one or more files that do not exist: file:/Users/uuorb/.m2/repository/com/sun/xml/bind/jaxb-impl/2.3.0/jaxb-core.jar
][2021-05-19T01:43:43,647+08:00] INFO  [restartedMain] env.DevToolsPropertyDefaultsPostProcessor - Devtools property defaults active! Set 'spring.devtools.add-properties' to 'false' to disable
][2021-05-19T01:43:43,647+08:00] INFO  [restartedMain] env.DevToolsPropertyDefaultsPostProcessor - For additional web related logging consider setting the 'logging.level.web' property to 'DEBUG'
][2021-05-19T01:43:44,826+08:00] INFO  [restartedMain] config.RepositoryConfigurationDelegate - Multiple Spring Data modules found, entering strict repository configuration mode!
][2021-05-19T01:43:44,828+08:00] INFO  [restartedMain] config.RepositoryConfigurationDelegate - Bootstrapping Spring Data Redis repositories in DEFAULT mode.
][2021-05-19T01:43:44,848+08:00] INFO  [restartedMain] config.RepositoryConfigurationDelegate - Finished Spring Data repository scanning in 9 ms. Found 0 Redis repository interfaces.
][2021-05-19T01:43:45,082+08:00] INFO  [restartedMain] support.PostProcessorRegistrationDelegate$BeanPostProcessorChecker - Bean 'redisConfig' of type [com.qdu.nav.config.RedisConfig$$EnhancerBySpringCGLIB$$838a8469] is not eligible for getting processed by all BeanPostProcessors (for example: not eligible for auto-proxying)
][2021-05-19T01:43:45,358+08:00] INFO  [restartedMain] tomcat.TomcatWebServer - Tomcat initialized with port(s): 18814 (http)
][2021-05-19T01:43:45,365+08:00] INFO  [restartedMain] http11.Http11NioProtocol - Initializing ProtocolHandler ["http-nio-18814"]
][2021-05-19T01:43:45,366+08:00] INFO  [restartedMain] core.StandardService - Starting service [Tomcat]
][2021-05-19T01:43:45,366+08:00] INFO  [restartedMain] core.StandardEngine - Starting Servlet engine: [Apache Tomcat/9.0.45]
][2021-05-19T01:43:45,426+08:00] INFO  [restartedMain] [localhost].[/] - Initializing Spring embedded WebApplicationContext
][2021-05-19T01:43:45,426+08:00] INFO  [restartedMain] context.ServletWebServerApplicationContext - Root WebApplicationContext: initialization completed in 1778 ms
][2021-05-19T01:43:46,798+08:00] INFO  [restartedMain] concurrent.ThreadPoolTaskExecutor - Initializing ExecutorService 'applicationTaskExecutor'
][2021-05-19T01:43:46,854+08:00] INFO  [restartedMain] autoconfigure.OptionalLiveReloadServer - LiveReload server is running on port 35729
][2021-05-19T01:43:47,217+08:00] INFO  [restartedMain] http11.Http11NioProtocol - Starting ProtocolHandler ["http-nio-18814"]
][2021-05-19T01:43:47,243+08:00] INFO  [restartedMain] tomcat.TomcatWebServer - Tomcat started on port(s): 18814 (http) with context path ''
][2021-05-19T01:43:47,464+08:00] INFO  [restartedMain] nav.NavApplication - Started NavApplication in 4.353 seconds (JVM running for 5.431)
][2021-05-19T01:43:49,366+08:00] INFO  [http-nio-18814-exec-1] [localhost].[/] - Initializing Spring DispatcherServlet 'dispatcherServlet'
][2021-05-19T01:43:49,366+08:00] INFO  [http-nio-18814-exec-1] servlet.DispatcherServlet - Initializing Servlet 'dispatcherServlet'
][2021-05-19T01:43:49,368+08:00] INFO  [http-nio-18814-exec-1] servlet.DispatcherServlet - Completed initialization in 1 ms
][2021-05-19T01:43:49,586+08:00] INFO  [http-nio-18814-exec-2] pool.DruidDataSource - {dataSource-1} inited
][2021-05-19T01:45:04,886+08:00] WARN  [http-nio-18814-exec-8] support.DefaultHandlerExceptionResolver - Resolved [org.springframework.http.converter.HttpMessageNotReadableException: Required request body is missing: public com.qdu.nav.entity.VO.Result com.qdu.nav.controller.UserController.login(com.qdu.nav.entity.VO.LoginReqVO)]
][2021-05-19T01:46:12,580+08:00] ERROR [http-nio-18814-exec-2] pool.DruidAbstractDataSource - discard long time none received connection. , jdbcUrl : jdbc:mysql://localhost:3306/navigation?useUnicode=true&characterEncoding=utf-8&useSSL=false, jdbcUrl : jdbc:mysql://localhost:3306/navigation?useUnicode=true&characterEncoding=utf-8&useSSL=false, lastPacketReceivedIdleMillis : 74475
][2021-05-19T01:46:12,582+08:00] ERROR [http-nio-18814-exec-2] pool.DruidAbstractDataSource - discard long time none received connection. , jdbcUrl : jdbc:mysql://localhost:3306/navigation?useUnicode=true&characterEncoding=utf-8&useSSL=false, jdbcUrl : jdbc:mysql://localhost:3306/navigation?useUnicode=true&characterEncoding=utf-8&useSSL=false, lastPacketReceivedIdleMillis : 143006
][2021-05-19T01:46:12,583+08:00] ERROR [http-nio-18814-exec-2] pool.DruidAbstractDataSource - discard long time none received connection. , jdbcUrl : jdbc:mysql://localhost:3306/navigation?useUnicode=true&characterEncoding=utf-8&useSSL=false, jdbcUrl : jdbc:mysql://localhost:3306/navigation?useUnicode=true&characterEncoding=utf-8&useSSL=false, lastPacketReceivedIdleMillis : 143015
][2021-05-19T01:46:12,584+08:00] ERROR [http-nio-18814-exec-2] pool.DruidAbstractDataSource - discard long time none received connection. , jdbcUrl : jdbc:mysql://localhost:3306/navigation?useUnicode=true&characterEncoding=utf-8&useSSL=false, jdbcUrl : jdbc:mysql://localhost:3306/navigation?useUnicode=true&characterEncoding=utf-8&useSSL=false, lastPacketReceivedIdleMillis : 143022
][2021-05-19T01:46:12,585+08:00] ERROR [http-nio-18814-exec-2] pool.DruidAbstractDataSource - discard long time none received connection. , jdbcUrl : jdbc:mysql://localhost:3306/navigation?useUnicode=true&characterEncoding=utf-8&useSSL=false, jdbcUrl : jdbc:mysql://localhost:3306/navigation?useUnicode=true&characterEncoding=utf-8&useSSL=false, lastPacketReceivedIdleMillis : 143032
][2021-05-19T01:46:16,897+08:00] INFO  [http-nio-18814-exec-5] http11.Http11Processor - Error parsing HTTP request header
 Note: further occurrences of HTTP request parsing errors will be logged at DEBUG level.
] java.lang.IllegalArgumentException: Invalid character found in the request target [/login?{%22username%22:%22uuorb%22,%22password%22:%22HPyuko12!!%22}]. The valid characters are defined in RFC 7230 and RFC 3986
	at org.apache.coyote.http11.Http11InputBuffer.parseRequestLine(Http11InputBuffer.java:490) ~[tomcat-embed-core-9.0.45.jar:9.0.45]
	at org.apache.coyote.http11.Http11Processor.service(Http11Processor.java:261) [tomcat-embed-core-9.0.45.jar:9.0.45]
	at org.apache.coyote.AbstractProcessorLight.process(AbstractProcessorLight.java:65) [tomcat-embed-core-9.0.45.jar:9.0.45]
	at org.apache.coyote.AbstractProtocol$ConnectionHandler.process(AbstractProtocol.java:893) [tomcat-embed-core-9.0.45.jar:9.0.45]
	at org.apache.tomcat.util.net.NioEndpoint$SocketProcessor.doRun(NioEndpoint.java:1707) [tomcat-embed-core-9.0.45.jar:9.0.45]
	at org.apache.tomcat.util.net.SocketProcessorBase.run(SocketProcessorBase.java:49) [tomcat-embed-core-9.0.45.jar:9.0.45]
	at java.util.concurrent.ThreadPoolExecutor.runWorker(ThreadPoolExecutor.java:1130) [?:?]
	at java.util.concurrent.ThreadPoolExecutor$Worker.run(ThreadPoolExecutor.java:630) [?:?]
	at org.apache.tomcat.util.threads.TaskThread$WrappingRunnable.run(TaskThread.java:61) [tomcat-embed-core-9.0.45.jar:9.0.45]
	at java.lang.Thread.run(Thread.java:832) [?:?]
[2021-05-19T01:48:37,997+08:00] ERROR [http-nio-18814-exec-7] pool.DruidAbstractDataSource - discard long time none received connection. , jdbcUrl : jdbc:mysql://localhost:3306/navigation?useUnicode=true&characterEncoding=utf-8&useSSL=false, jdbcUrl : jdbc:mysql://localhost:3306/navigation?useUnicode=true&characterEncoding=utf-8&useSSL=false, lastPacketReceivedIdleMillis : 89491
][2021-05-19T01:49:17,803+08:00] INFO  [SpringContextShutdownHook] concurrent.ThreadPoolTaskExecutor - Shutting down ExecutorService 'applicationTaskExecutor'
][2021-05-19T01:49:17,950+08:00] INFO  [SpringContextShutdownHook] pool.DruidDataSource - {dataSource-1} closing ...
][2021-05-19T01:49:17,954+08:00] INFO  [SpringContextShutdownHook] pool.DruidDataSource - {dataSource-1} closed
][2021-05-19T01:49:22,816+08:00] INFO  [restartedMain] nav.NavApplication - Starting NavApplication using Java 15 on Pengyus-MacBook-Pro.local with PID 33478 (/Users/uuorb/Desktop/navigation/server/nav/target/classes started by uuorb in /Users/uuorb/Desktop/navigation/server/nav)
][2021-05-19T01:49:22,826+08:00] INFO  [restartedMain] nav.NavApplication - The following profiles are active: dev
][2021-05-19T01:49:22,903+08:00] INFO  [restartedMain] restart.ChangeableUrls - The Class-Path manifest attribute in /Users/uuorb/.m2/repository/com/sun/xml/bind/jaxb-core/2.3.0/jaxb-core-2.3.0.jar referenced one or more files that do not exist: file:/Users/uuorb/.m2/repository/com/sun/xml/bind/jaxb-core/2.3.0/jaxb-api.jar
][2021-05-19T01:49:22,903+08:00] INFO  [restartedMain] restart.ChangeableUrls - The Class-Path manifest attribute in /Users/uuorb/.m2/repository/com/sun/xml/bind/jaxb-impl/2.3.0/jaxb-impl-2.3.0.jar referenced one or more files that do not exist: file:/Users/uuorb/.m2/repository/com/sun/xml/bind/jaxb-impl/2.3.0/jaxb-core.jar
][2021-05-19T01:49:22,904+08:00] INFO  [restartedMain] env.DevToolsPropertyDefaultsPostProcessor - Devtools property defaults active! Set 'spring.devtools.add-properties' to 'false' to disable
][2021-05-19T01:49:22,904+08:00] INFO  [restartedMain] env.DevToolsPropertyDefaultsPostProcessor - For additional web related logging consider setting the 'logging.level.web' property to 'DEBUG'
][2021-05-19T01:49:23,880+08:00] INFO  [restartedMain] config.RepositoryConfigurationDelegate - Multiple Spring Data modules found, entering strict repository configuration mode!
][2021-05-19T01:49:23,882+08:00] INFO  [restartedMain] config.RepositoryConfigurationDelegate - Bootstrapping Spring Data Redis repositories in DEFAULT mode.
][2021-05-19T01:49:23,903+08:00] INFO  [restartedMain] config.RepositoryConfigurationDelegate - Finished Spring Data repository scanning in 9 ms. Found 0 Redis repository interfaces.
][2021-05-19T01:49:24,169+08:00] INFO  [restartedMain] support.PostProcessorRegistrationDelegate$BeanPostProcessorChecker - Bean 'redisConfig' of type [com.qdu.nav.config.RedisConfig$$EnhancerBySpringCGLIB$$e6d8efc6] is not eligible for getting processed by all BeanPostProcessors (for example: not eligible for auto-proxying)
][2021-05-19T01:49:24,466+08:00] INFO  [restartedMain] tomcat.TomcatWebServer - Tomcat initialized with port(s): 18814 (http)
][2021-05-19T01:49:24,473+08:00] INFO  [restartedMain] http11.Http11NioProtocol - Initializing ProtocolHandler ["http-nio-18814"]
][2021-05-19T01:49:24,474+08:00] INFO  [restartedMain] core.StandardService - Starting service [Tomcat]
][2021-05-19T01:49:24,475+08:00] INFO  [restartedMain] core.StandardEngine - Starting Servlet engine: [Apache Tomcat/9.0.45]
][2021-05-19T01:49:24,533+08:00] INFO  [restartedMain] [localhost].[/] - Initializing Spring embedded WebApplicationContext
][2021-05-19T01:49:24,533+08:00] INFO  [restartedMain] context.ServletWebServerApplicationContext - Root WebApplicationContext: initialization completed in 1627 ms
][2021-05-19T01:49:25,631+08:00] INFO  [restartedMain] concurrent.ThreadPoolTaskExecutor - Initializing ExecutorService 'applicationTaskExecutor'
][2021-05-19T01:49:25,661+08:00] INFO  [restartedMain] autoconfigure.OptionalLiveReloadServer - LiveReload server is running on port 35729
][2021-05-19T01:49:25,933+08:00] INFO  [restartedMain] http11.Http11NioProtocol - Starting ProtocolHandler ["http-nio-18814"]
][2021-05-19T01:49:25,952+08:00] INFO  [restartedMain] tomcat.TomcatWebServer - Tomcat started on port(s): 18814 (http) with context path ''
][2021-05-19T01:49:26,105+08:00] INFO  [restartedMain] nav.NavApplication - Started NavApplication in 3.785 seconds (JVM running for 4.793)
][2021-05-19T01:49:42,269+08:00] INFO  [SpringContextShutdownHook] concurrent.ThreadPoolTaskExecutor - Shutting down ExecutorService 'applicationTaskExecutor'
][2021-05-19T01:49:42,289+08:00] INFO  [SpringContextShutdownHook] pool.DruidDataSource - {dataSource-0} closing ...
][2021-05-19T01:49:47,295+08:00] INFO  [restartedMain] nav.NavApplication - Starting NavApplication using Java 15 on Pengyus-MacBook-Pro.local with PID 33502 (/Users/uuorb/Desktop/navigation/server/nav/target/classes started by uuorb in /Users/uuorb/Desktop/navigation/server/nav)
][2021-05-19T01:49:47,305+08:00] INFO  [restartedMain] nav.NavApplication - The following profiles are active: dev
][2021-05-19T01:49:47,362+08:00] INFO  [restartedMain] restart.ChangeableUrls - The Class-Path manifest attribute in /Users/uuorb/.m2/repository/com/sun/xml/bind/jaxb-core/2.3.0/jaxb-core-2.3.0.jar referenced one or more files that do not exist: file:/Users/uuorb/.m2/repository/com/sun/xml/bind/jaxb-core/2.3.0/jaxb-api.jar
][2021-05-19T01:49:47,362+08:00] INFO  [restartedMain] restart.ChangeableUrls - The Class-Path manifest attribute in /Users/uuorb/.m2/repository/com/sun/xml/bind/jaxb-impl/2.3.0/jaxb-impl-2.3.0.jar referenced one or more files that do not exist: file:/Users/uuorb/.m2/repository/com/sun/xml/bind/jaxb-impl/2.3.0/jaxb-core.jar
][2021-05-19T01:49:47,363+08:00] INFO  [restartedMain] env.DevToolsPropertyDefaultsPostProcessor - Devtools property defaults active! Set 'spring.devtools.add-properties' to 'false' to disable
][2021-05-19T01:49:47,363+08:00] INFO  [restartedMain] env.DevToolsPropertyDefaultsPostProcessor - For additional web related logging consider setting the 'logging.level.web' property to 'DEBUG'
][2021-05-19T01:49:48,333+08:00] INFO  [restartedMain] config.RepositoryConfigurationDelegate - Multiple Spring Data modules found, entering strict repository configuration mode!
][2021-05-19T01:49:48,335+08:00] INFO  [restartedMain] config.RepositoryConfigurationDelegate - Bootstrapping Spring Data Redis repositories in DEFAULT mode.
][2021-05-19T01:49:48,357+08:00] INFO  [restartedMain] config.RepositoryConfigurationDelegate - Finished Spring Data repository scanning in 10 ms. Found 0 Redis repository interfaces.
][2021-05-19T01:49:48,657+08:00] INFO  [restartedMain] support.PostProcessorRegistrationDelegate$BeanPostProcessorChecker - Bean 'redisConfig' of type [com.qdu.nav.config.RedisConfig$$EnhancerBySpringCGLIB$$bd74c6c4] is not eligible for getting processed by all BeanPostProcessors (for example: not eligible for auto-proxying)
][2021-05-19T01:49:48,931+08:00] INFO  [restartedMain] tomcat.TomcatWebServer - Tomcat initialized with port(s): 18814 (http)
][2021-05-19T01:49:48,937+08:00] INFO  [restartedMain] http11.Http11NioProtocol - Initializing ProtocolHandler ["http-nio-18814"]
][2021-05-19T01:49:48,938+08:00] INFO  [restartedMain] core.StandardService - Starting service [Tomcat]
][2021-05-19T01:49:48,938+08:00] INFO  [restartedMain] core.StandardEngine - Starting Servlet engine: [Apache Tomcat/9.0.45]
][2021-05-19T01:49:48,997+08:00] INFO  [restartedMain] [localhost].[/] - Initializing Spring embedded WebApplicationContext
][2021-05-19T01:49:48,997+08:00] INFO  [restartedMain] context.ServletWebServerApplicationContext - Root WebApplicationContext: initialization completed in 1633 ms
][2021-05-19T01:49:50,145+08:00] INFO  [restartedMain] concurrent.ThreadPoolTaskExecutor - Initializing ExecutorService 'applicationTaskExecutor'
][2021-05-19T01:49:50,178+08:00] INFO  [restartedMain] autoconfigure.OptionalLiveReloadServer - LiveReload server is running on port 35729
][2021-05-19T01:49:50,481+08:00] INFO  [restartedMain] http11.Http11NioProtocol - Starting ProtocolHandler ["http-nio-18814"]
][2021-05-19T01:49:50,508+08:00] INFO  [restartedMain] tomcat.TomcatWebServer - Tomcat started on port(s): 18814 (http) with context path ''
][2021-05-19T01:49:50,741+08:00] INFO  [restartedMain] nav.NavApplication - Started NavApplication in 4.022 seconds (JVM running for 5.027)
][2021-05-19T01:49:58,502+08:00] INFO  [http-nio-18814-exec-1] [localhost].[/] - Initializing Spring DispatcherServlet 'dispatcherServlet'
][2021-05-19T01:49:58,503+08:00] INFO  [http-nio-18814-exec-1] servlet.DispatcherServlet - Initializing Servlet 'dispatcherServlet'
][2021-05-19T01:49:58,505+08:00] INFO  [http-nio-18814-exec-1] servlet.DispatcherServlet - Completed initialization in 2 ms
][2021-05-19T01:49:58,725+08:00] INFO  [http-nio-18814-exec-2] pool.DruidDataSource - {dataSource-1} inited
][2021-05-19T01:54:26,017+08:00] INFO  [SpringContextShutdownHook] concurrent.ThreadPoolTaskExecutor - Shutting down ExecutorService 'applicationTaskExecutor'
][2021-05-19T01:54:26,291+08:00] INFO  [SpringContextShutdownHook] pool.DruidDataSource - {dataSource-1} closing ...
][2021-05-19T01:54:26,303+08:00] INFO  [SpringContextShutdownHook] pool.DruidDataSource - {dataSource-1} closed
][2021-05-19T01:54:32,221+08:00] INFO  [restartedMain] nav.NavApplication - Starting NavApplication using Java 15 on Pengyus-MacBook-Pro.local with PID 33645 (/Users/uuorb/Desktop/navigation/server/nav/target/classes started by uuorb in /Users/uuorb/Desktop/navigation/server/nav)
][2021-05-19T01:54:32,230+08:00] INFO  [restartedMain] nav.NavApplication - The following profiles are active: dev
][2021-05-19T01:54:32,289+08:00] INFO  [restartedMain] restart.ChangeableUrls - The Class-Path manifest attribute in /Users/uuorb/.m2/repository/com/sun/xml/bind/jaxb-core/2.3.0/jaxb-core-2.3.0.jar referenced one or more files that do not exist: file:/Users/uuorb/.m2/repository/com/sun/xml/bind/jaxb-core/2.3.0/jaxb-api.jar
][2021-05-19T01:54:32,289+08:00] INFO  [restartedMain] restart.ChangeableUrls - The Class-Path manifest attribute in /Users/uuorb/.m2/repository/com/sun/xml/bind/jaxb-impl/2.3.0/jaxb-impl-2.3.0.jar referenced one or more files that do not exist: file:/Users/uuorb/.m2/repository/com/sun/xml/bind/jaxb-impl/2.3.0/jaxb-core.jar
][2021-05-19T01:54:32,289+08:00] INFO  [restartedMain] env.DevToolsPropertyDefaultsPostProcessor - Devtools property defaults active! Set 'spring.devtools.add-properties' to 'false' to disable
][2021-05-19T01:54:32,290+08:00] INFO  [restartedMain] env.DevToolsPropertyDefaultsPostProcessor - For additional web related logging consider setting the 'logging.level.web' property to 'DEBUG'
][2021-05-19T01:54:33,147+08:00] INFO  [restartedMain] config.RepositoryConfigurationDelegate - Multiple Spring Data modules found, entering strict repository configuration mode!
][2021-05-19T01:54:33,149+08:00] INFO  [restartedMain] config.RepositoryConfigurationDelegate - Bootstrapping Spring Data Redis repositories in DEFAULT mode.
][2021-05-19T01:54:33,172+08:00] INFO  [restartedMain] config.RepositoryConfigurationDelegate - Finished Spring Data repository scanning in 9 ms. Found 0 Redis repository interfaces.
][2021-05-19T01:54:33,424+08:00] INFO  [restartedMain] support.PostProcessorRegistrationDelegate$BeanPostProcessorChecker - Bean 'redisConfig' of type [com.qdu.nav.config.RedisConfig$$EnhancerBySpringCGLIB$$bd74c6c4] is not eligible for getting processed by all BeanPostProcessors (for example: not eligible for auto-proxying)
][2021-05-19T01:54:33,742+08:00] INFO  [restartedMain] tomcat.TomcatWebServer - Tomcat initialized with port(s): 18814 (http)
][2021-05-19T01:54:33,749+08:00] INFO  [restartedMain] http11.Http11NioProtocol - Initializing ProtocolHandler ["http-nio-18814"]
][2021-05-19T01:54:33,750+08:00] INFO  [restartedMain] core.StandardService - Starting service [Tomcat]
][2021-05-19T01:54:33,751+08:00] INFO  [restartedMain] core.StandardEngine - Starting Servlet engine: [Apache Tomcat/9.0.45]
][2021-05-19T01:54:33,807+08:00] INFO  [restartedMain] [localhost].[/] - Initializing Spring embedded WebApplicationContext
][2021-05-19T01:54:33,807+08:00] INFO  [restartedMain] context.ServletWebServerApplicationContext - Root WebApplicationContext: initialization completed in 1516 ms
][2021-05-19T01:54:35,505+08:00] INFO  [restartedMain] concurrent.ThreadPoolTaskExecutor - Initializing ExecutorService 'applicationTaskExecutor'
][2021-05-19T01:54:35,577+08:00] INFO  [restartedMain] autoconfigure.OptionalLiveReloadServer - LiveReload server is running on port 35729
][2021-05-19T01:54:36,255+08:00] INFO  [restartedMain] http11.Http11NioProtocol - Starting ProtocolHandler ["http-nio-18814"]
][2021-05-19T01:54:36,285+08:00] INFO  [restartedMain] tomcat.TomcatWebServer - Tomcat started on port(s): 18814 (http) with context path ''
][2021-05-19T01:54:36,512+08:00] INFO  [restartedMain] nav.NavApplication - Started NavApplication in 4.717 seconds (JVM running for 5.76)
][2021-05-19T01:54:37,339+08:00] INFO  [http-nio-18814-exec-1] [localhost].[/] - Initializing Spring DispatcherServlet 'dispatcherServlet'
][2021-05-19T01:54:37,340+08:00] INFO  [http-nio-18814-exec-1] servlet.DispatcherServlet - Initializing Servlet 'dispatcherServlet'
][2021-05-19T01:54:37,342+08:00] INFO  [http-nio-18814-exec-1] servlet.DispatcherServlet - Completed initialization in 2 ms
][2021-05-19T01:54:37,581+08:00] INFO  [http-nio-18814-exec-2] pool.DruidDataSource - {dataSource-1} inited
][2021-05-19T01:57:24,390+08:00] ERROR [http-nio-18814-exec-7] pool.DruidAbstractDataSource - discard long time none received connection. , jdbcUrl : jdbc:mysql://localhost:3306/navigation?useUnicode=true&characterEncoding=utf-8&useSSL=false, jdbcUrl : jdbc:mysql://localhost:3306/navigation?useUnicode=true&characterEncoding=utf-8&useSSL=false, lastPacketReceivedIdleMillis : 89677
][2021-05-19T01:57:24,395+08:00] ERROR [http-nio-18814-exec-7] pool.DruidAbstractDataSource - discard long time none received connection. , jdbcUrl : jdbc:mysql://localhost:3306/navigation?useUnicode=true&characterEncoding=utf-8&useSSL=false, jdbcUrl : jdbc:mysql://localhost:3306/navigation?useUnicode=true&characterEncoding=utf-8&useSSL=false, lastPacketReceivedIdleMillis : 166823
][2021-05-19T01:57:24,398+08:00] ERROR [http-nio-18814-exec-7] pool.DruidAbstractDataSource - discard long time none received connection. , jdbcUrl : jdbc:mysql://localhost:3306/navigation?useUnicode=true&characterEncoding=utf-8&useSSL=false, jdbcUrl : jdbc:mysql://localhost:3306/navigation?useUnicode=true&characterEncoding=utf-8&useSSL=false, lastPacketReceivedIdleMillis : 166831
][2021-05-19T01:57:24,399+08:00] ERROR [http-nio-18814-exec-7] pool.DruidAbstractDataSource - discard long time none received connection. , jdbcUrl : jdbc:mysql://localhost:3306/navigation?useUnicode=true&characterEncoding=utf-8&useSSL=false, jdbcUrl : jdbc:mysql://localhost:3306/navigation?useUnicode=true&characterEncoding=utf-8&useSSL=false, lastPacketReceivedIdleMillis : 166839
][2021-05-19T01:57:24,400+08:00] ERROR [http-nio-18814-exec-7] pool.DruidAbstractDataSource - discard long time none received connection. , jdbcUrl : jdbc:mysql://localhost:3306/navigation?useUnicode=true&characterEncoding=utf-8&useSSL=false, jdbcUrl : jdbc:mysql://localhost:3306/navigation?useUnicode=true&characterEncoding=utf-8&useSSL=false, lastPacketReceivedIdleMillis : 166849
][2021-05-19T01:59:18,468+08:00] ERROR [http-nio-18814-exec-3] pool.DruidAbstractDataSource - discard long time none received connection. , jdbcUrl : jdbc:mysql://localhost:3306/navigation?useUnicode=true&characterEncoding=utf-8&useSSL=false, jdbcUrl : jdbc:mysql://localhost:3306/navigation?useUnicode=true&characterEncoding=utf-8&useSSL=false, lastPacketReceivedIdleMillis : 100381
][2021-05-19T01:59:18,469+08:00] ERROR [http-nio-18814-exec-3] pool.DruidAbstractDataSource - discard long time none received connection. , jdbcUrl : jdbc:mysql://localhost:3306/navigation?useUnicode=true&characterEncoding=utf-8&useSSL=false, jdbcUrl : jdbc:mysql://localhost:3306/navigation?useUnicode=true&characterEncoding=utf-8&useSSL=false, lastPacketReceivedIdleMillis : 113972
]